Using pre-set license
Built from '2020.3/release' branch; Version is '2020.3.1f1 (77a89f25062f) revision 7841951'; Using compiler version '192528614'; Build Type 'Release'
OS: 'Windows 10 Home; OS build 19042.867; Version 2009; 64bit' Language: 'en' Physical Memory: 7729 MB
BatchMode: 1, IsHumanControllingUs: 0, StartBugReporterOnCrash: 0, Is64bit: 1, IsPro: 0

 COMMAND LINE ARGUMENTS:
C:\Program Files\Unity\Hub\Editor\2020.3.1f1\Editor\Unity.exe
-adb2
-batchMode
-noUpm
-name
AssetImportWorker0
-projectPath
C:/Users/mrtns/Projects/Unity/Project Boost
-logFile
Logs/AssetImportWorker0.log
-srvPort
59717
Successfully changed project path to: C:/Users/mrtns/Projects/Unity/Project Boost
C:/Users/mrtns/Projects/Unity/Project Boost
Using Asset Import Pipeline V2.
Refreshing native plugins compatible for Editor in 229.44 ms, found 0 plugins.
Preloading 0 native plugins for Editor in 0.00 ms.
Initialize engine version: 2020.3.1f1 (77a89f25062f)
[Subsystems] Discovering subsystems at path C:/Program Files/Unity/Hub/Editor/2020.3.1f1/Editor/Data/Resources/UnitySubsystems
[Subsystems] Discovering subsystems at path C:/Users/mrtns/Projects/Unity/Project Boost/Assets
GfxDevice: creating device client; threaded=0
Direct3D:
    Version:  Direct3D 11.0 [level 11.1]
    Renderer: AMD Radeon(TM) RX Vega 10 Graphics (ID=0x15dd)
    Vendor:   
    VRAM:     3864 MB
    Driver:   27.20.1034.6
Initialize mono
Mono path[0] = 'C:/Program Files/Unity/Hub/Editor/2020.3.1f1/Editor/Data/Managed'
Mono path[1] = 'C:/Program Files/Unity/Hub/Editor/2020.3.1f1/Editor/Data/MonoBleedingEdge/lib/mono/unityjit'
Mono config path = 'C:/Program Files/Unity/Hub/Editor/2020.3.1f1/Editor/Data/MonoBleedingEdge/etc'
Using monoOptions --debugger-agent=transport=dt_socket,embedding=1,server=y,suspend=n,address=127.0.0.1:56556
Begin MonoManager ReloadAssembly
Registering precompiled unity dll's ...
Register platform support module: C:/Program Files/Unity/Hub/Editor/2020.3.1f1/Editor/Data/PlaybackEngines/WebGLSupport/UnityEditor.WebGL.Extensions.dll
Register platform support module: C:/Program Files/Unity/Hub/Editor/2020.3.1f1/Editor/Data/PlaybackEngines/WindowsStandaloneSupport/UnityEditor.WindowsStandalone.Extensions.dll
Registered in 0.013116 seconds.
Native extension for WindowsStandalone target not found
Native extension for WebGL target not found
Refreshing native plugins compatible for Editor in 88.41 ms, found 0 plugins.
Preloading 0 native plugins for Editor in 0.00 ms.
Invoked RoslynAnalysisRunner static constructor.
RoslynAnalysisRunner will not be running.
RoslynAnalysisRunner has terminated.
Mono: successfully reloaded assembly
- Completed reload, in  9.175 seconds
Platform modules already initialized, skipping
Registering precompiled user dll's ...
Registered in 0.007819 seconds.
Begin MonoManager ReloadAssembly
Native extension for WindowsStandalone target not found
Native extension for WebGL target not found
Refreshing native plugins compatible for Editor in 0.54 ms, found 0 plugins.
Preloading 0 native plugins for Editor in 0.00 ms.
Invoked RoslynAnalysisRunner static constructor.
RoslynAnalysisRunner will not be running.
RoslynAnalysisRunner has terminated.
Mono: successfully reloaded assembly
- Completed reload, in  4.241 seconds
Platform modules already initialized, skipping
========================================================================
Worker process is ready to serve import requests
Launched and connected shader compiler UnityShaderCompiler.exe after 0.14 seconds
Refreshing native plugins compatible for Editor in 0.94 ms, found 0 plugins.
Preloading 0 native plugins for Editor in 0.00 ms.
Unloading 1115 Unused Serialized files (Serialized files now loaded: 0)
System memory in use before: 57.1 MB.
System memory in use after: 57.1 MB.

Unloading 10 unused Assets to reduce memory usage. Loaded Objects now: 1557.
Total: 5.967700 ms (FindLiveObjects: 0.874800 ms CreateObjectMapping: 0.227500 ms MarkObjects: 4.661100 ms  DeleteObjects: 0.201100 ms)

========================================================================
Received Import Request.
  path: Assets/Audio/SFX - Success.ogg
  artifactKey: Guid(44ed201a1498f2749b869495f8842327) Importer(815301076,1909f56bfc062723c751e8b465ee728b)
Start importing Assets/Audio/SFX - Success.ogg using Guid(44ed201a1498f2749b869495f8842327) Importer(815301076,1909f56bfc062723c751e8b465ee728b)  -> (artifact id: '4c53a07cad2ed53bd4132f5eae1097ab') in 0.464325 seconds
  Import took 0.475305 seconds .

========================================================================
Received Import Request.
  Time since last request: 0.000433 seconds.
  path: Assets/Audio/SFX - Death Explosion.ogg
  artifactKey: Guid(2086bc69a4e41fd4f99dcd660adc8f09) Importer(815301076,1909f56bfc062723c751e8b465ee728b)
Start importing Assets/Audio/SFX - Death Explosion.ogg using Guid(2086bc69a4e41fd4f99dcd660adc8f09) Importer(815301076,1909f56bfc062723c751e8b465ee728b)  -> (artifact id: '72c5623bfb650208adebf1df4c452e88') in 0.089731 seconds
  Import took 0.101562 seconds .

========================================================================
Received Import Request.
  Time since last request: 92.747556 seconds.
  path: Assets/Scripts/Movement.cs
  artifactKey: Guid(4dfb59fea8e068e499d66b8167c6e5f2) Importer(815301076,1909f56bfc062723c751e8b465ee728b)
Start importing Assets/Scripts/Movement.cs using Guid(4dfb59fea8e068e499d66b8167c6e5f2) Importer(815301076,1909f56bfc062723c751e8b465ee728b)  -> (artifact id: 'bb0a4e387ec39c6b2f2220ad295572af') in 0.053741 seconds
  Import took 0.076333 seconds .

========================================================================
Received Prepare
Registering precompiled user dll's ...
Registered in 0.006285 seconds.
Begin MonoManager ReloadAssembly
Native extension for WindowsStandalone target not found
Native extension for WebGL target not found
Refreshing native plugins compatible for Editor in 0.75 ms, found 0 plugins.
Preloading 0 native plugins for Editor in 0.00 ms.
Invoked RoslynAnalysisRunner static constructor.
RoslynAnalysisRunner will not be running.
RoslynAnalysisRunner has terminated.
Mono: successfully reloaded assembly
- Completed reload, in  4.403 seconds
Platform modules already initialized, skipping
Refreshing native plugins compatible for Editor in 0.53 ms, found 0 plugins.
Preloading 0 native plugins for Editor in 0.00 ms.
Unloading 1110 Unused Serialized files (Serialized files now loaded: 0)
System memory in use before: 60.2 MB.
System memory in use after: 60.2 MB.

Unloading 5 unused Assets to reduce memory usage. Loaded Objects now: 1569.
Total: 6.157700 ms (FindLiveObjects: 0.530300 ms CreateObjectMapping: 0.206000 ms MarkObjects: 5.274700 ms  DeleteObjects: 0.143500 ms)

========================================================================
Received Import Request.
  Time since last request: 234.339065 seconds.
  path: Assets/Scripts/Movement.cs
  artifactKey: Guid(4dfb59fea8e068e499d66b8167c6e5f2) Importer(815301076,1909f56bfc062723c751e8b465ee728b)
Start importing Assets/Scripts/Movement.cs using Guid(4dfb59fea8e068e499d66b8167c6e5f2) Importer(815301076,1909f56bfc062723c751e8b465ee728b)  -> (artifact id: 'c1325eeba760dce3b010b051a677a31f') in 0.028653 seconds
  Import took 0.035521 seconds .

========================================================================
Received Prepare
Registering precompiled user dll's ...
Registered in 0.003321 seconds.
Begin MonoManager ReloadAssembly
Native extension for WindowsStandalone target not found
Native extension for WebGL target not found
Refreshing native plugins compatible for Editor in 1.00 ms, found 0 plugins.
Preloading 0 native plugins for Editor in 0.00 ms.
Invoked RoslynAnalysisRunner static constructor.
RoslynAnalysisRunner will not be running.
RoslynAnalysisRunner has terminated.
Mono: successfully reloaded assembly
- Completed reload, in  8.442 seconds
Platform modules already initialized, skipping
Refreshing native plugins compatible for Editor in 1.57 ms, found 0 plugins.
Preloading 0 native plugins for Editor in 0.00 ms.
Unloading 1110 Unused Serialized files (Serialized files now loaded: 0)
System memory in use before: 60.2 MB.
System memory in use after: 60.3 MB.

Unloading 5 unused Assets to reduce memory usage. Loaded Objects now: 1572.
Total: 9.774700 ms (FindLiveObjects: 1.218800 ms CreateObjectMapping: 0.348600 ms MarkObjects: 8.013700 ms  DeleteObjects: 0.186900 ms)

========================================================================
Received Import Request.
  Time since last request: 97.094870 seconds.
  path: Assets/Scripts/CollisionHandler.cs
  artifactKey: Guid(ffb49a3fac7b27c4eabd30c0e98b3ca4) Importer(815301076,1909f56bfc062723c751e8b465ee728b)
Start importing Assets/Scripts/CollisionHandler.cs using Guid(ffb49a3fac7b27c4eabd30c0e98b3ca4) Importer(815301076,1909f56bfc062723c751e8b465ee728b)  -> (artifact id: '3bd74cff5a33edb233b5a553f73e3697') in 0.034443 seconds
  Import took 0.040811 seconds .

========================================================================
Received Prepare
Registering precompiled user dll's ...
Registered in 0.002564 seconds.
Begin MonoManager ReloadAssembly
Native extension for WindowsStandalone target not found
Native extension for WebGL target not found
Refreshing native plugins compatible for Editor in 0.48 ms, found 0 plugins.
Preloading 0 native plugins for Editor in 0.00 ms.
Invoked RoslynAnalysisRunner static constructor.
RoslynAnalysisRunner will not be running.
RoslynAnalysisRunner has terminated.
Mono: successfully reloaded assembly
- Completed reload, in  2.664 seconds
Platform modules already initialized, skipping
Refreshing native plugins compatible for Editor in 0.32 ms, found 0 plugins.
Preloading 0 native plugins for Editor in 0.00 ms.
Unloading 1110 Unused Serialized files (Serialized files now loaded: 0)
System memory in use before: 60.2 MB.
System memory in use after: 60.3 MB.

Unloading 5 unused Assets to reduce memory usage. Loaded Objects now: 1575.
Total: 3.060700 ms (FindLiveObjects: 0.361300 ms CreateObjectMapping: 0.092300 ms MarkObjects: 2.461700 ms  DeleteObjects: 0.130400 ms)

========================================================================
Received Prepare
Registering precompiled user dll's ...
Registered in 0.001998 seconds.
Begin MonoManager ReloadAssembly
Native extension for WindowsStandalone target not found
Native extension for WebGL target not found
Refreshing native plugins compatible for Editor in 0.66 ms, found 0 plugins.
Preloading 0 native plugins for Editor in 0.00 ms.
Invoked RoslynAnalysisRunner static constructor.
RoslynAnalysisRunner will not be running.
RoslynAnalysisRunner has terminated.
Mono: successfully reloaded assembly
- Completed reload, in  2.314 seconds
Platform modules already initialized, skipping
Refreshing native plugins compatible for Editor in 0.46 ms, found 0 plugins.
Preloading 0 native plugins for Editor in 0.00 ms.
Unloading 1110 Unused Serialized files (Serialized files now loaded: 0)
System memory in use before: 60.2 MB.
System memory in use after: 60.3 MB.

Unloading 5 unused Assets to reduce memory usage. Loaded Objects now: 1578.
Total: 5.435600 ms (FindLiveObjects: 0.588900 ms CreateObjectMapping: 0.221400 ms MarkObjects: 4.493900 ms  DeleteObjects: 0.127300 ms)

========================================================================
Received Prepare
Registering precompiled user dll's ...
Registered in 0.001675 seconds.
Begin MonoManager ReloadAssembly
Native extension for WindowsStandalone target not found
Native extension for WebGL target not found
Refreshing native plugins compatible for Editor in 0.48 ms, found 0 plugins.
Preloading 0 native plugins for Editor in 0.00 ms.
Invoked RoslynAnalysisRunner static constructor.
RoslynAnalysisRunner will not be running.
RoslynAnalysisRunner has terminated.
Mono: successfully reloaded assembly
- Completed reload, in  2.458 seconds
Platform modules already initialized, skipping
Refreshing native plugins compatible for Editor in 0.42 ms, found 0 plugins.
Preloading 0 native plugins for Editor in 0.00 ms.
Unloading 1110 Unused Serialized files (Serialized files now loaded: 0)
System memory in use before: 60.2 MB.
System memory in use after: 60.3 MB.

Unloading 5 unused Assets to reduce memory usage. Loaded Objects now: 1581.
Total: 3.989500 ms (FindLiveObjects: 0.344000 ms CreateObjectMapping: 0.080600 ms MarkObjects: 3.456000 ms  DeleteObjects: 0.106100 ms)

========================================================================
Received Prepare
Registering precompiled user dll's ...
Registered in 0.002667 seconds.
Begin MonoManager ReloadAssembly
Native extension for WindowsStandalone target not found
Native extension for WebGL target not found
Refreshing native plugins compatible for Editor in 0.70 ms, found 0 plugins.
Preloading 0 native plugins for Editor in 0.00 ms.
Invoked RoslynAnalysisRunner static constructor.
RoslynAnalysisRunner will not be running.
RoslynAnalysisRunner has terminated.
Mono: successfully reloaded assembly
- Completed reload, in  2.604 seconds
Platform modules already initialized, skipping
Refreshing native plugins compatible for Editor in 0.53 ms, found 0 plugins.
Preloading 0 native plugins for Editor in 0.00 ms.
Unloading 1110 Unused Serialized files (Serialized files now loaded: 0)
System memory in use before: 60.2 MB.
System memory in use after: 60.3 MB.

Unloading 5 unused Assets to reduce memory usage. Loaded Objects now: 1584.
Total: 5.158900 ms (FindLiveObjects: 0.411200 ms CreateObjectMapping: 0.111200 ms MarkObjects: 4.467800 ms  DeleteObjects: 0.164200 ms)

========================================================================
Received Import Request.
  Time since last request: 878.942263 seconds.
  path: Assets/Scenes/Under.unity
  artifactKey: Guid(c6027036ce518ac43a5902c3bb46a693) Importer(815301076,1909f56bfc062723c751e8b465ee728b)
Start importing Assets/Scenes/Under.unity using Guid(c6027036ce518ac43a5902c3bb46a693) Importer(815301076,1909f56bfc062723c751e8b465ee728b)  -> (artifact id: 'f21632e3ec30d506d63c51101a95a097') in 0.085701 seconds
  Import took 0.092940 seconds .

========================================================================
Received Import Request.
  Time since last request: 0.156331 seconds.
  path: Assets/Scenes/Under.unity
  artifactKey: Guid(c6027036ce518ac43a5902c3bb46a693) Importer(815301076,1909f56bfc062723c751e8b465ee728b)
Start importing Assets/Scenes/Under.unity using Guid(c6027036ce518ac43a5902c3bb46a693) Importer(815301076,1909f56bfc062723c751e8b465ee728b)  -> (artifact id: 'f21632e3ec30d506d63c51101a95a097') in 0.012005 seconds
  Import took 0.018196 seconds .

========================================================================
Received Prepare
Registering precompiled user dll's ...
Registered in 0.002513 seconds.
Begin MonoManager ReloadAssembly
Native extension for WindowsStandalone target not found
Native extension for WebGL target not found
Refreshing native plugins compatible for Editor in 0.85 ms, found 0 plugins.
Preloading 0 native plugins for Editor in 0.00 ms.
Invoked RoslynAnalysisRunner static constructor.
RoslynAnalysisRunner will not be running.
RoslynAnalysisRunner has terminated.
Mono: successfully reloaded assembly
- Completed reload, in  2.028 seconds
Platform modules already initialized, skipping
Refreshing native plugins compatible for Editor in 0.62 ms, found 0 plugins.
Preloading 0 native plugins for Editor in 0.00 ms.
Unloading 1110 Unused Serialized files (Serialized files now loaded: 0)
System memory in use before: 60.2 MB.
System memory in use after: 60.3 MB.

Unloading 5 unused Assets to reduce memory usage. Loaded Objects now: 1587.
Total: 5.288600 ms (FindLiveObjects: 0.403800 ms CreateObjectMapping: 0.103900 ms MarkObjects: 4.662200 ms  DeleteObjects: 0.114800 ms)

========================================================================
Received Import Request.
  Time since last request: 172.385732 seconds.
  path: Assets/Scenes/Under.unity
  artifactKey: Guid(c6027036ce518ac43a5902c3bb46a693) Importer(815301076,1909f56bfc062723c751e8b465ee728b)
Start importing Assets/Scenes/Under.unity using Guid(c6027036ce518ac43a5902c3bb46a693) Importer(815301076,1909f56bfc062723c751e8b465ee728b)  -> (artifact id: '0c9211e83774f5cf639e6641176cf990') in 0.032070 seconds
  Import took 0.037301 seconds .

========================================================================
Received Prepare
Registering precompiled user dll's ...
Registered in 0.001848 seconds.
Begin MonoManager ReloadAssembly
Native extension for WindowsStandalone target not found
Native extension for WebGL target not found
Refreshing native plugins compatible for Editor in 0.88 ms, found 0 plugins.
Preloading 0 native plugins for Editor in 0.00 ms.
Invoked RoslynAnalysisRunner static constructor.
RoslynAnalysisRunner will not be running.
RoslynAnalysisRunner has terminated.
Mono: successfully reloaded assembly
- Completed reload, in  3.795 seconds
Platform modules already initialized, skipping
Refreshing native plugins compatible for Editor in 0.64 ms, found 0 plugins.
Preloading 0 native plugins for Editor in 0.00 ms.
Unloading 1110 Unused Serialized files (Serialized files now loaded: 0)
System memory in use before: 60.2 MB.
System memory in use after: 60.3 MB.

Unloading 5 unused Assets to reduce memory usage. Loaded Objects now: 1590.
Total: 5.503700 ms (FindLiveObjects: 0.433700 ms CreateObjectMapping: 0.098000 ms MarkObjects: 4.828100 ms  DeleteObjects: 0.140200 ms)

========================================================================
Received Import Request.
  Time since last request: 688.035631 seconds.
  path: Assets/Prefabs/Rocket.prefab
  artifactKey: Guid(f3db1a2ff96db0a4e85b7fe0782d8725) Importer(815301076,1909f56bfc062723c751e8b465ee728b)
Start importing Assets/Prefabs/Rocket.prefab using Guid(f3db1a2ff96db0a4e85b7fe0782d8725) Importer(815301076,1909f56bfc062723c751e8b465ee728b)  -> (artifact id: 'e56dbf32011934cb92eea19b171b212a') in 0.221848 seconds
  Import took 0.227143 seconds .

========================================================================
Received Import Request.
  Time since last request: 189.497113 seconds.
  path: Assets/Prefabs/Rocket.prefab
  artifactKey: Guid(f3db1a2ff96db0a4e85b7fe0782d8725) Importer(815301076,1909f56bfc062723c751e8b465ee728b)
Start importing Assets/Prefabs/Rocket.prefab using Guid(f3db1a2ff96db0a4e85b7fe0782d8725) Importer(815301076,1909f56bfc062723c751e8b465ee728b)  -> (artifact id: '664ca43acaf83b7530333ea5bebf03fd') in 0.060673 seconds
  Import took 0.084872 seconds .

========================================================================
Received Import Request.
  Time since last request: 585.203676 seconds.
  path: Assets/Prefabs/Rocket.prefab
  artifactKey: Guid(f3db1a2ff96db0a4e85b7fe0782d8725) Importer(815301076,1909f56bfc062723c751e8b465ee728b)
Start importing Assets/Prefabs/Rocket.prefab using Guid(f3db1a2ff96db0a4e85b7fe0782d8725) Importer(815301076,1909f56bfc062723c751e8b465ee728b)  -> (artifact id: 'ee201442a9b21666eea6bea7b51600f6') in 0.066041 seconds
  Import took 0.073358 seconds .

========================================================================
Received Import Request.
  Time since last request: 20.811164 seconds.
  path: Assets/Materials/Obstacle Material 1.mat
  artifactKey: Guid(1f6c1edf6c1fd514c8759c90365d3ca7) Importer(815301076,1909f56bfc062723c751e8b465ee728b)
Start importing Assets/Materials/Obstacle Material 1.mat using Guid(1f6c1edf6c1fd514c8759c90365d3ca7) Importer(815301076,1909f56bfc062723c751e8b465ee728b)  -> (artifact id: 'c85b6fb60180d3b6caf2bad4f45f63ac') in 0.128186 seconds
  Import took 0.132958 seconds .

========================================================================
Received Import Request.
  Time since last request: 10.282884 seconds.
  path: Assets/Materials/New Material.mat
  artifactKey: Guid(8fbc07b2500f45449955b13d50f6bca1) Importer(815301076,1909f56bfc062723c751e8b465ee728b)
Start importing Assets/Materials/New Material.mat using Guid(8fbc07b2500f45449955b13d50f6bca1) Importer(815301076,1909f56bfc062723c751e8b465ee728b)  -> (artifact id: '36d5099150f2d86d3445243e063639b8') in 0.049642 seconds
  Import took 0.056622 seconds .

========================================================================
Received Import Request.
  Time since last request: 320.253984 seconds.
  path: Assets/Materials/Red Rocket Material.mat
  artifactKey: Guid(8fbc07b2500f45449955b13d50f6bca1) Importer(815301076,1909f56bfc062723c751e8b465ee728b)
Start importing Assets/Materials/Red Rocket Material.mat using Guid(8fbc07b2500f45449955b13d50f6bca1) Importer(815301076,1909f56bfc062723c751e8b465ee728b)  -> (artifact id: 'e1d7c5d93cb1df96adc7a5fe4a0a0a59') in 0.033959 seconds
  Import took 0.038259 seconds .

========================================================================
Received Prepare
Registering precompiled user dll's ...
Registered in 0.003306 seconds.
Begin MonoManager ReloadAssembly
Native extension for WindowsStandalone target not found
Native extension for WebGL target not found
Refreshing native plugins compatible for Editor in 0.85 ms, found 0 plugins.
Preloading 0 native plugins for Editor in 0.00 ms.
Invoked RoslynAnalysisRunner static constructor.
RoslynAnalysisRunner will not be running.
RoslynAnalysisRunner has terminated.
Mono: successfully reloaded assembly
- Completed reload, in  3.292 seconds
Platform modules already initialized, skipping
Refreshing native plugins compatible for Editor in 0.77 ms, found 0 plugins.
Preloading 0 native plugins for Editor in 0.00 ms.
Unloading 1110 Unused Serialized files (Serialized files now loaded: 0)
System memory in use before: 60.6 MB.
System memory in use after: 60.7 MB.

Unloading 6 unused Assets to reduce memory usage. Loaded Objects now: 1630.
Total: 8.295300 ms (FindLiveObjects: 1.554200 ms CreateObjectMapping: 0.478200 ms MarkObjects: 6.128500 ms  DeleteObjects: 0.130600 ms)

AssetImportWorkerClient::OnTransportError - code=2 error=End of file
